<?xml version="1.0" encoding="UTF-8"?>
<beans xmlns="http://www.springframework.org/schema/beans"
	xmlns:xsi="http://www.w3.org/2001/XMLSchema-instance" xmlns:mvc="http://www.springframework.org/schema/mvc"
	xmlns:context="http://www.springframework.org/schema/context" xmlns:tx="http://www.springframework.org/schema/tx"
	xsi:schemaLocation="http://www.springframework.org/schema/beans http://www.springframework.org/schema/beans/spring-beans-3.0.xsd
		http://www.springframework.org/schema/mvc http://www.springframework.org/schema/mvc/spring-mvc-3.0.xsd	
		http://www.springframework.org/schema/context http://www.springframework.org/schema/context/spring-context-3.0.xsd
		http://www.springframework.org/schema/tx http://www.springframework.org/schema/tx/spring-tx.xsd"
	default-autowire="byName">

	<!-- Scans within the base package of the application for @Components to 
		configure as beans -->
	<import resource="test-db.xml" />

	<tx:annotation-driven />
	<context:component-scan base-package="com.mycompany.springapp" scoped-proxy="targetClass">
	</context:component-scan>

	<bean
		class="org.springframework.beans.factory.annotation.AutowiredAnnotationBeanPostProcessor">
		<property name="autowiredAnnotationTypes">
			<set>
				<value>org.springframework.beans.factory.annotation.Autowired</value>
				<value>org.springframework.beans.factory.annotation.Value</value>
				<value>javax.inject.Inject</value>
			</set>
		</property>
	</bean>

	<bean class="org.springframework.beans.factory.config.CustomScopeConfigurer">
		<property name="scopes">
			<map>
				<entry key="custom">
					<bean class="com.mycompany.springapp.scope.extension.MyCustomScope" />
				</entry>
				<entry key="application">
					<bean class="com.mycompany.springapp.scope.extension.MyCustomScope" />
				</entry>
				<entry key="request">
					<bean class="com.mycompany.springapp.scope.extension.MyCustomScope" />
				</entry>
				<entry key="globalSession">
					<bean class="com.mycompany.springapp.scope.extension.MyCustomScope" />
				</entry>
				<entry key="thread">
					<bean class="com.mycompany.springapp.scope.extension.MyCustomScope" />
				</entry>
				<entry key="session">
					<bean class="com.mycompany.springapp.scope.SetupSession" />
				</entry>
			</map>
		</property>
	</bean>
</beans>
